
=== Sat Nov 16 15:49:07 2019

Packages were changed.
Update Mode: mergeDefaultDependencies

The following packages were added:
  com.unity.ide.rider@1.1.0
  com.unity.ide.vscode@1.1.2
  com.unity.modules.androidjni@1.0.0
  com.unity.ugui@1.0.0
  com.unity.xr.management@3.0.3
The following packages were updated:
  com.unity.test-framework from version 1.0.17 to 1.1.5
  com.unity.timeline from version 1.1.0 to 1.3.0-preview.3

=== Sat Jan 25 13:26:58 2020

Packages were changed.
Update Mode: updateDependencies

The following packages were updated:
  com.unity.collab-proxy from version 1.2.16 to 1.3.4
  com.unity.ide.rider from version 1.1.0 to 1.2.1
  com.unity.ide.vscode from version 1.1.2 to 1.1.3
  com.unity.test-framework from version 1.1.5 to 1.1.9
  com.unity.textmeshpro from version 2.0.1 to 3.0.0-preview.1
  com.unity.xr.management from version 3.0.3 to 3.0.5
The following packages were removed:
  com.unity.xr.oculus.standalone@1.38.4
  com.unity.xr.openvr.standalone@1.0.5

=== Thu Jan 30 15:54:11 2020

Packages were changed.
Update Mode: updateDependencies

The following packages were updated:
  com.unity.ide.vscode from version 1.1.3 to 1.1.4
  com.unity.probuilder from version 4.1.2 to 4.2.3
